{
  "stats": {
    "suites": 1,
    "tests": 2,
    "passes": 2,
    "pending": 0,
    "failures": 0,
    "start": "2024-12-25T15:16:45.079Z",
    "end": "2024-12-25T15:17:01.265Z",
    "duration": 16186,
    "testsRegistered": 2,
    "passPercent": 100,
    "pendingPercent": 0,
    "other": 0,
    "hasOther": false,
    "skipped": 0,
    "hasSkipped": false
  },
  "results": [
    {
      "uuid": "e5aa561a-4d4e-4c46-9746-9e951132cdff",
      "title": "",
      "fullFile": "cypress\\e2e\\tests\\LoginTest.cy.js",
      "file": "cypress\\e2e\\tests\\LoginTest.cy.js",
      "beforeHooks": [],
      "afterHooks": [],
      "tests": [],
      "suites": [
        {
          "uuid": "fbf3603e-bdba-4e3b-b924-07afe3c6599e",
          "title": "Login",
          "fullFile": "",
          "file": "",
          "beforeHooks": [],
          "afterHooks": [],
          "tests": [
            {
              "title": "Login with valid data",
              "fullTitle": "Login Login with valid data",
              "timedOut": null,
              "duration": 11685,
              "state": "passed",
              "speed": "slow",
              "pass": true,
              "fail": false,
              "pending": false,
              "context": null,
              "code": "login.loginUser(email, password);\ncy.xpath(_LoginSel.default.successToLogin).should(\"contain.text\", \" Logged in as Abdelrahman Yasser Ismail\");",
              "err": {},
              "uuid": "70700678-5262-48dc-ba6a-851415318ccc",
              "parentUUID": "fbf3603e-bdba-4e3b-b924-07afe3c6599e",
              "isHook": false,
              "skipped": false
            },
            {
              "title": "Login with invalid data",
              "fullTitle": "Login Login with invalid data",
              "timedOut": null,
              "duration": 4430,
              "state": "passed",
              "speed": "fast",
              "pass": true,
              "fail": false,
              "pending": false,
              "context": null,
              "code": "login.loginUser(invalidemail, invalidpassword);\ncy.xpath(_LoginSel.default.ivalidAlertMessage).should(\"contain.text\", \"Your email or password is incorrect!\");",
              "err": {},
              "uuid": "88c938ff-e0cd-4c55-b878-49d06d439f73",
              "parentUUID": "fbf3603e-bdba-4e3b-b924-07afe3c6599e",
              "isHook": false,
              "skipped": false
            }
          ],
          "suites": [],
          "passes": [
            "70700678-5262-48dc-ba6a-851415318ccc",
            "88c938ff-e0cd-4c55-b878-49d06d439f73"
          ],
          "failures": [],
          "pending": [],
          "skipped": [],
          "duration": 16115,
          "root": false,
          "rootEmpty": false,
          "_timeout": 2000
        }
      ],
      "passes": [],
      "failures": [],
      "pending": [],
      "skipped": [],
      "duration": 0,
      "root": true,
      "rootEmpty": true,
      "_timeout": 2000
    }
  ],
  "meta": {
    "mocha": {
      "version": "7.0.1"
    },
    "mochawesome": {
      "options": {
        "quiet": false,
        "reportFilename": "mochawesome",
        "saveHtml": true,
        "saveJson": true,
        "consoleReporter": "spec",
        "useInlineDiffs": false,
        "code": true
      },
      "version": "7.1.3"
    },
    "marge": {
      "options": {
        "reportDir": "cypress/reports",
        "overwrite": false,
        "html": true,
        "json": true
      },
      "version": "6.2.0"
    }
  }
}